(THU.CST) os is loading ...

Special kernel symbols:
  entry  0xc0100036 (phys)
  etext  0xc0106ad7 (phys)
  edata  0xc011c000 (phys)
  end    0xc019cf5c (phys)
Kernel executable memory footprint: 628KB
ebp: 0xc0118f38
eip: 0xc0100aa9
args: 0x00010094 0x00010094 0xc0118f68 0xc01000cd 
    kern/debug/kdebug.c:307: print_stackframe+21
ebp: 0xc0118f48
eip: 0xc0100db5
args: 0x00000000 0x00000000 0x00000000 0xc0118fb8 
    kern/debug/kmonitor.c:129: mon_backtrace+10
ebp: 0xc0118f68
eip: 0xc01000cd
args: 0x00000000 0xc0118f90 0xffff0000 0xc0118f94 
    kern/init/init.c:48: grade_backtrace2+33
ebp: 0xc0118f88
eip: 0xc01000f7
args: 0x00000000 0xffff0000 0xc0118fb4 0x0000002a 
    kern/init/init.c:53: grade_backtrace1+38
ebp: 0xc0118fa8
eip: 0xc0100116
args: 0x00000000 0xc0100036 0xffff0000 0x0000001d 
    kern/init/init.c:58: grade_backtrace0+23
ebp: 0xc0118fc8
eip: 0xc010013c
args: 0xc0106afc 0xc0106ae0 0x00080f5c 0x00000000 
    kern/init/init.c:63: grade_backtrace+34
ebp: 0xc0118ff8
eip: 0xc010008b
args: 0xc0106ce0 0xc0106ce8 0xc0100d3d 0xc0106d07 
    kern/init/init.c:28: kern_init+84
memory management: default_pmm_manager
e820map:
  memory: 0009fc00, [00000000, 0009fbff], type = 1.
  memory: 00000400, [0009fc00, 0009ffff], type = 2.
  memory: 00010000, [000f0000, 000fffff], type = 2.
  memory: 07ee0000, [00100000, 07fdffff], type = 1.
  memory: 00020000, [07fe0000, 07ffffff], type = 2.
  memory: 00040000, [fffc0000, ffffffff], type = 2.
check_alloc_page() succeeded!
check_pgdir() succeeded!
check_boot_pgdir() succeeded!
-------------------- BEGIN --------------------
PDE(0e0) c0000000-f8000000 38000000 urw
  |-- PTE(38000) c0000000-f8000000 38000000 -rw
PDE(001) fac00000-fb000000 00400000 -rw
  |-- PTE(000e0) faf00000-fafe0000 000e0000 urw
  |-- PTE(00001) fafeb000-fafec000 00001000 -rw
--------------------- END ---------------------
++ setup timer interrupts
0: @ring 0
0:  cs = 8
0:  ds = 10
0:  es = 10
0:  ss = 10
+++ switch to  user  mode +++
SWITCH TO USER!
100 ticks
End of Test.
kernel panic at kern/trap/trap.c:18:
    EOT: kernel seems ok.
stack trackback:
ebp: 0xc0118f08
eip: 0xc0100aa9
args: 0xc0106ba8 0xc0118f4c 0x00000012 0xc010029d 
    kern/debug/kdebug.c:307: print_stackframe+21
ebp: 0xc0118f38
eip: 0xc0100461
args: 0xc0106e6e 0x00000012 0xc0106e58 0xc010029d 
    kern/debug/panic.c:27: __panic+103
ebp: 0xc0118f58
eip: 0xc01018f0
args: 0x00010094 0xc0118fa8 0xc0118f7c 0x00010094 
    kern/trap/trap.c:18: print_ticks+65
ebp: 0xc0118f88
eip: 0xc0101d9e
args: 0xc0118fb4 0xc0100205 0x0000001b 0x00003286 
    kern/trap/trap.c:164: trap_dispatch+137
ebp: 0xc0118fa8
eip: 0xc0101fe8
args: 0xc0118fb4 0x0000807c 0x00010094 0xc0118fa8 
    kern/trap/trap.c:239: trap+16
ebp: 0xc0118fa8
eip: 0xc0102a73
args: 0xc0118fb4 0x0000807c 0x00010094 0xc0118fa8 
    kern/trap/trapentry.S:24: <unknown>+0
ebp: 0xc0118fa8
eip: 0xc0102a73
args: 0xc0118fb4 0x0000807c 0x00010094 0xc0118fa8 
    kern/trap/trapentry.S:24: <unknown>+0
ebp: 0xc0118fa8
eip: 0xc0102a73
args: 0xc0118fb4 0x0000807c 0x00010094 0xc0118fa8 
    kern/trap/trapentry.S:24: <unknown>+0
ebp: 0xc0118fa8
eip: 0xc0102a73
args: 0xc0118fb4 0x0000807c 0x00010094 0xc0118fa8 
    kern/trap/trapentry.S:24: <unknown>+0
ebp: 0xc0118fa8
eip: 0xc0102a73
args: 0xc0118fb4 0x0000807c 0x00010094 0xc0118fa8 
    kern/trap/trapentry.S:24: <unknown>+0
ebp: 0xc0118fa8
eip: 0xc0102a73
args: 0xc0118fb4 0x0000807c 0x00010094 0xc0118fa8 
    kern/trap/trapentry.S:24: <unknown>+0
ebp: 0xc0118fa8
eip: 0xc0102a73
args: 0xc0118fb4 0x0000807c 0x00010094 0xc0118fa8 
    kern/trap/trapentry.S:24: <unknown>+0
ebp: 0xc0118fa8
eip: 0xc0102a73
args: 0xc0118fb4 0x0000807c 0x00010094 0xc0118fa8 
    kern/trap/trapentry.S:24: <unknown>+0
ebp: 0xc0118fa8
eip: 0xc0102a73
args: 0xc0118fb4 0x0000807c 0x00010094 0xc0118fa8 
    kern/trap/trapentry.S:24: <unknown>+0
ebp: 0xc0118fa8
eip: 0xc0102a73
args: 0xc0118fb4 0x0000807c 0x00010094 0xc0118fa8 
    kern/trap/trapentry.S:24: <unknown>+0
ebp: 0xc0118fa8
eip: 0xc0102a73
args: 0xc0118fb4 0x0000807c 0x00010094 0xc0118fa8 
    kern/trap/trapentry.S:24: <unknown>+0
ebp: 0xc0118fa8
eip: 0xc0102a73
args: 0xc0118fb4 0x0000807c 0x00010094 0xc0118fa8 
    kern/trap/trapentry.S:24: <unknown>+0
ebp: 0xc0118fa8
eip: 0xc0102a73
args: 0xc0118fb4 0x0000807c 0x00010094 0xc0118fa8 
    kern/trap/trapentry.S:24: <unknown>+0
ebp: 0xc0118fa8
eip: 0xc0102a73
args: 0xc0118fb4 0x0000807c 0x00010094 0xc0118fa8 
    kern/trap/trapentry.S:24: <unknown>+0
ebp: 0xc0118fa8
eip: 0xc0102a73
args: 0xc0118fb4 0x0000807c 0x00010094 0xc0118fa8 
    kern/trap/trapentry.S:24: <unknown>+0
Welcome to the kernel debug monitor!!
Type 'help' for a list of commands.
